<?xml version="1.0" encoding="UTF-8"?>
<!-- Generated by org.testng.reporters.JUnitXMLReporter -->
<testsuite ignored="0" hostname="DESKTOP-I03OBAS" failures="0" tests="3" name="Test Cases" time="0.046" errors="0" timestamp="2023-08-03T14:12:53 IST">
  <testcase classname="com.test.testcases.TC001LogIn" name="run" time="0.0">
    <skipped/>
  </testcase> <!-- run -->
  <testcase classname="com.test.testcases.TC006RequestCounts" name="run" time="0.001">
    <skipped/>
  </testcase> <!-- run -->
  <testcase classname="com.test.testcases.TC002LogOut" name="run" time="0.0">
    <skipped/>
  </testcase> <!-- run -->
</testsuite> <!-- Test Cases -->
